<?xml version="1.0" encoding="UTF-8" ?>
<testsuite tests="3" failures="0" name="com.ikanow.aleph2.data_model.interfaces.shared_services.TestIServiceContext" time="1.898" errors="0" skipped="0">
  <properties>
[...]
</properties>
  <testcase classname="com.ikanow.aleph2.data_model.interfaces.shared_services.TestIServiceContext" name="testGetCustomServiceDNE" time="1.784"/>
  <testcase classname="com.ikanow.aleph2.data_model.interfaces.shared_services.TestIServiceContext" name="testGetCustomServices" time="0.036"/>
  <testcase classname="com.ikanow.aleph2.data_model.interfaces.shared_services.TestIServiceContext" name="testGetDefaultServices" time="0.078"/>
</testsuite>