-------------------------------------------------------------------------------
Test set: com.ikanow.aleph2.core.shared.utils.TestJarCacheUtils
-------------------------------------------------------------------------------
Tests run: 5, Failures: 0, Errors: 5, Skipped: 0, Time elapsed: 0.153 sec <<< FAILURE!
test_remoteFileNotPresent(com.ikanow.aleph2.core.shared.utils.TestJarCacheUtils)  Time elapsed: 0.049 sec  <<< ERROR!
java.lang.NullPointerException
	at java.lang.ProcessBuilder.start(ProcessBuilder.java:1012)
	at org.apache.hadoop.util.Shell.runCommand(Shell.java:483)
	at org.apache.hadoop.util.Shell.run(Shell.java:456)
	at org.apache.hadoop.util.Shell$ShellCommandExecutor.execute(Shell.java:722)
	at org.apache.hadoop.util.Shell.execCommand(Shell.java:815)
	at org.apache.hadoop.util.Shell.execCommand(Shell.java:798)
	at org.apache.hadoop.fs.RawLocalFileSystem.setPermission(RawLocalFileSystem.java:728)
	at org.apache.hadoop.fs.RawLocalFileSystem$LocalFSFileOutputStream.<init>(RawLocalFileSystem.java:225)
	at org.apache.hadoop.fs.RawLocalFileSystem$LocalFSFileOutputStream.<init>(RawLocalFileSystem.java:209)
	at org.apache.hadoop.fs.RawLocalFileSystem.createOutputStreamWithMode(RawLocalFileSystem.java:305)
	at org.apache.hadoop.fs.RawLocalFileSystem.create(RawLocalFileSystem.java:294)
	at org.apache.hadoop.fs.RawLocalFileSystem.create(RawLocalFileSystem.java:326)
	at org.apache.hadoop.fs.FileSystem.primitiveCreate(FileSystem.java:1015)
	at org.apache.hadoop.fs.DelegateToFileSystem.createInternal(DelegateToFileSystem.java:84)
	at org.apache.hadoop.fs.ChecksumFs$ChecksumFSOutputSummer.<init>(ChecksumFs.java:352)
	at org.apache.hadoop.fs.ChecksumFs.createInternal(ChecksumFs.java:399)
	at org.apache.hadoop.fs.AbstractFileSystem.create(AbstractFileSystem.java:584)
	at org.apache.hadoop.fs.FileContext$3.next(FileContext.java:686)
	at org.apache.hadoop.fs.FileContext$3.next(FileContext.java:682)
	at org.apache.hadoop.fs.FSLinkResolver.resolve(FSLinkResolver.java:90)
	at org.apache.hadoop.fs.FileContext.create(FileContext.java:688)
	at com.ikanow.aleph2.core.shared.utils.TestJarCacheUtils.setUpDependencies(TestJarCacheUtils.java:70)
	at sun.reflect.NativeMethodAccessorImpl.invoke0(Native Method)
	at sun.reflect.NativeMethodAccessorImpl.invoke(NativeMethodAccessorImpl.java:62)
	at sun.reflect.DelegatingMethodAccessorImpl.invoke(DelegatingMethodAccessorImpl.java:43)
	at java.lang.reflect.Method.invoke(Method.java:497)
	at org.junit.runners.model.FrameworkMethod$1.runReflectiveCall(FrameworkMethod.java:50)
	at org.junit.internal.runners.model.ReflectiveCallable.run(ReflectiveCallable.java:12)
	at org.junit.runners.model.FrameworkMethod.invokeExplosively(FrameworkMethod.java:47)
	at org.junit.internal.runners.statements.RunBefores.evaluate(RunBefores.java:24)
	at org.junit.runners.ParentRunner.runLeaf(ParentRunner.java:325)
	at org.junit.runners.BlockJUnit4ClassRunner.runChild(BlockJUnit4ClassRunner.java:78)
	at org.junit.runners.BlockJUnit4ClassRunner.runChild(BlockJUnit4ClassRunner.java:57)
	at org.junit.runners.ParentRunner$3.run(ParentRunner.java:290)
	at org.junit.runners.ParentRunner$1.schedule(ParentRunner.java:71)
	at org.junit.runners.ParentRunner.runChildren(ParentRunner.java:288)
	at org.junit.runners.ParentRunner.access$000(ParentRunner.java:58)
	at org.junit.runners.ParentRunner$2.evaluate(ParentRunner.java:268)
	at org.junit.runners.ParentRunner.run(ParentRunner.java:363)
	at org.apache.maven.surefire.junit4.JUnit4Provider.execute(JUnit4Provider.java:252)
	at org.apache.maven.surefire.junit4.JUnit4Provider.executeTestSet(JUnit4Provider.java:141)
	at org.apache.maven.surefire.junit4.JUnit4Provider.invoke(JUnit4Provider.java:112)
	at sun.reflect.NativeMethodAccessorImpl.invoke0(Native Method)
	at sun.reflect.NativeMethodAccessorImpl.invoke(NativeMethodAccessorImpl.java:62)
	at sun.reflect.DelegatingMethodAccessorImpl.invoke(DelegatingMethodAccessorImpl.java:43)
	at java.lang.reflect.Method.invoke(Method.java:497)
	at org.apache.maven.surefire.util.ReflectionUtils.invokeMethodWithArray(ReflectionUtils.java:189)
	at org.apache.maven.surefire.booter.ProviderFactory$ProviderProxy.invoke(ProviderFactory.java:165)
	at org.apache.maven.surefire.booter.ProviderFactory.invokeProvider(ProviderFactory.java:85)
	at org.apache.maven.surefire.booter.ForkedBooter.runSuitesInProcess(ForkedBooter.java:115)
	at org.apache.maven.surefire.booter.ForkedBooter.main(ForkedBooter.java:75)

test_localFileNotPresent(com.ikanow.aleph2.core.shared.utils.TestJarCacheUtils)  Time elapsed: 0.027 sec  <<< ERROR!
java.lang.NullPointerException
	at java.lang.ProcessBuilder.start(ProcessBuilder.java:1012)
	at org.apache.hadoop.util.Shell.runCommand(Shell.java:483)
	at org.apache.hadoop.util.Shell.run(Shell.java:456)
	at org.apache.hadoop.util.Shell$ShellCommandExecutor.execute(Shell.java:722)
	at org.apache.hadoop.util.Shell.execCommand(Shell.java:815)
	at org.apache.hadoop.util.Shell.execCommand(Shell.java:798)
	at org.apache.hadoop.fs.RawLocalFileSystem.setPermission(RawLocalFileSystem.java:728)
	at org.apache.hadoop.fs.RawLocalFileSystem$LocalFSFileOutputStream.<init>(RawLocalFileSystem.java:225)
	at org.apache.hadoop.fs.RawLocalFileSystem$LocalFSFileOutputStream.<init>(RawLocalFileSystem.java:209)
	at org.apache.hadoop.fs.RawLocalFileSystem.createOutputStreamWithMode(RawLocalFileSystem.java:305)
	at org.apache.hadoop.fs.RawLocalFileSystem.create(RawLocalFileSystem.java:294)
	at org.apache.hadoop.fs.RawLocalFileSystem.create(RawLocalFileSystem.java:326)
	at org.apache.hadoop.fs.FileSystem.primitiveCreate(FileSystem.java:1015)
	at org.apache.hadoop.fs.DelegateToFileSystem.createInternal(DelegateToFileSystem.java:84)
	at org.apache.hadoop.fs.ChecksumFs$ChecksumFSOutputSummer.<init>(ChecksumFs.java:352)
	at org.apache.hadoop.fs.ChecksumFs.createInternal(ChecksumFs.java:399)
	at org.apache.hadoop.fs.AbstractFileSystem.create(AbstractFileSystem.java:584)
	at org.apache.hadoop.fs.FileContext$3.next(FileContext.java:686)
	at org.apache.hadoop.fs.FileContext$3.next(FileContext.java:682)
	at org.apache.hadoop.fs.FSLinkResolver.resolve(FSLinkResolver.java:90)
	at org.apache.hadoop.fs.FileContext.create(FileContext.java:688)
	at com.ikanow.aleph2.core.shared.utils.TestJarCacheUtils.setUpDependencies(TestJarCacheUtils.java:70)
	at sun.reflect.NativeMethodAccessorImpl.invoke0(Native Method)
	at sun.reflect.NativeMethodAccessorImpl.invoke(NativeMethodAccessorImpl.java:62)
	at sun.reflect.DelegatingMethodAccessorImpl.invoke(DelegatingMethodAccessorImpl.java:43)
	at java.lang.reflect.Method.invoke(Method.java:497)
	at org.junit.runners.model.FrameworkMethod$1.runReflectiveCall(FrameworkMethod.java:50)
	at org.junit.internal.runners.model.ReflectiveCallable.run(ReflectiveCallable.java:12)
	at org.junit.runners.model.FrameworkMethod.invokeExplosively(FrameworkMethod.java:47)
	at org.junit.internal.runners.statements.RunBefores.evaluate(RunBefores.java:24)
	at org.junit.runners.ParentRunner.runLeaf(ParentRunner.java:325)
	at org.junit.runners.BlockJUnit4ClassRunner.runChild(BlockJUnit4ClassRunner.java:78)
	at org.junit.runners.BlockJUnit4ClassRunner.runChild(BlockJUnit4ClassRunner.java:57)
	at org.junit.runners.ParentRunner$3.run(ParentRunner.java:290)
	at org.junit.runners.ParentRunner$1.schedule(ParentRunner.java:71)
	at org.junit.runners.ParentRunner.runChildren(ParentRunner.java:288)
	at org.junit.runners.ParentRunner.access$000(ParentRunner.java:58)
	at org.junit.runners.ParentRunner$2.evaluate(ParentRunner.java:268)
	at org.junit.runners.ParentRunner.run(ParentRunner.java:363)
	at org.apache.maven.surefire.junit4.JUnit4Provider.execute(JUnit4Provider.java:252)
	at org.apache.maven.surefire.junit4.JUnit4Provider.executeTestSet(JUnit4Provider.java:141)
	at org.apache.maven.surefire.junit4.JUnit4Provider.invoke(JUnit4Provider.java:112)
	at sun.reflect.NativeMethodAccessorImpl.invoke0(Native Method)
	at sun.reflect.NativeMethodAccessorImpl.invoke(NativeMethodAccessorImpl.java:62)
	at sun.reflect.DelegatingMethodAccessorImpl.invoke(DelegatingMethodAccessorImpl.java:43)
	at java.lang.reflect.Method.invoke(Method.java:497)
	at org.apache.maven.surefire.util.ReflectionUtils.invokeMethodWithArray(ReflectionUtils.java:189)
	at org.apache.maven.surefire.booter.ProviderFactory$ProviderProxy.invoke(ProviderFactory.java:165)
	at org.apache.maven.surefire.booter.ProviderFactory.invokeProvider(ProviderFactory.java:85)
	at org.apache.maven.surefire.booter.ForkedBooter.runSuitesInProcess(ForkedBooter.java:115)
	at org.apache.maven.surefire.booter.ForkedBooter.main(ForkedBooter.java:75)

test_localFilePresentAndNew(com.ikanow.aleph2.core.shared.utils.TestJarCacheUtils)  Time elapsed: 0.025 sec  <<< ERROR!
java.lang.NullPointerException
	at java.lang.ProcessBuilder.start(ProcessBuilder.java:1012)
	at org.apache.hadoop.util.Shell.runCommand(Shell.java:483)
	at org.apache.hadoop.util.Shell.run(Shell.java:456)
	at org.apache.hadoop.util.Shell$ShellCommandExecutor.execute(Shell.java:722)
	at org.apache.hadoop.util.Shell.execCommand(Shell.java:815)
	at org.apache.hadoop.util.Shell.execCommand(Shell.java:798)
	at org.apache.hadoop.fs.RawLocalFileSystem.setPermission(RawLocalFileSystem.java:728)
	at org.apache.hadoop.fs.RawLocalFileSystem$LocalFSFileOutputStream.<init>(RawLocalFileSystem.java:225)
	at org.apache.hadoop.fs.RawLocalFileSystem$LocalFSFileOutputStream.<init>(RawLocalFileSystem.java:209)
	at org.apache.hadoop.fs.RawLocalFileSystem.createOutputStreamWithMode(RawLocalFileSystem.java:305)
	at org.apache.hadoop.fs.RawLocalFileSystem.create(RawLocalFileSystem.java:294)
	at org.apache.hadoop.fs.RawLocalFileSystem.create(RawLocalFileSystem.java:326)
	at org.apache.hadoop.fs.FileSystem.primitiveCreate(FileSystem.java:1015)
	at org.apache.hadoop.fs.DelegateToFileSystem.createInternal(DelegateToFileSystem.java:84)
	at org.apache.hadoop.fs.ChecksumFs$ChecksumFSOutputSummer.<init>(ChecksumFs.java:352)
	at org.apache.hadoop.fs.ChecksumFs.createInternal(ChecksumFs.java:399)
	at org.apache.hadoop.fs.AbstractFileSystem.create(AbstractFileSystem.java:584)
	at org.apache.hadoop.fs.FileContext$3.next(FileContext.java:686)
	at org.apache.hadoop.fs.FileContext$3.next(FileContext.java:682)
	at org.apache.hadoop.fs.FSLinkResolver.resolve(FSLinkResolver.java:90)
	at org.apache.hadoop.fs.FileContext.create(FileContext.java:688)
	at com.ikanow.aleph2.core.shared.utils.TestJarCacheUtils.setUpDependencies(TestJarCacheUtils.java:70)
	at sun.reflect.NativeMethodAccessorImpl.invoke0(Native Method)
	at sun.reflect.NativeMethodAccessorImpl.invoke(NativeMethodAccessorImpl.java:62)
	at sun.reflect.DelegatingMethodAccessorImpl.invoke(DelegatingMethodAccessorImpl.java:43)
	at java.lang.reflect.Method.invoke(Method.java:497)
	at org.junit.runners.model.FrameworkMethod$1.runReflectiveCall(FrameworkMethod.java:50)
	at org.junit.internal.runners.model.ReflectiveCallable.run(ReflectiveCallable.java:12)
	at org.junit.runners.model.FrameworkMethod.invokeExplosively(FrameworkMethod.java:47)
	at org.junit.internal.runners.statements.RunBefores.evaluate(RunBefores.java:24)
	at org.junit.runners.ParentRunner.runLeaf(ParentRunner.java:325)
	at org.junit.runners.BlockJUnit4ClassRunner.runChild(BlockJUnit4ClassRunner.java:78)
	at org.junit.runners.BlockJUnit4ClassRunner.runChild(BlockJUnit4ClassRunner.java:57)
	at org.junit.runners.ParentRunner$3.run(ParentRunner.java:290)
	at org.junit.runners.ParentRunner$1.schedule(ParentRunner.java:71)
	at org.junit.runners.ParentRunner.runChildren(ParentRunner.java:288)
	at org.junit.runners.ParentRunner.access$000(ParentRunner.java:58)
	at org.junit.runners.ParentRunner$2.evaluate(ParentRunner.java:268)
	at org.junit.runners.ParentRunner.run(ParentRunner.java:363)
	at org.apache.maven.surefire.junit4.JUnit4Provider.execute(JUnit4Provider.java:252)
	at org.apache.maven.surefire.junit4.JUnit4Provider.executeTestSet(JUnit4Provider.java:141)
	at org.apache.maven.surefire.junit4.JUnit4Provider.invoke(JUnit4Provider.java:112)
	at sun.reflect.NativeMethodAccessorImpl.invoke0(Native Method)
	at sun.reflect.NativeMethodAccessorImpl.invoke(NativeMethodAccessorImpl.java:62)
	at sun.reflect.DelegatingMethodAccessorImpl.invoke(DelegatingMethodAccessorImpl.java:43)
	at java.lang.reflect.Method.invoke(Method.java:497)
	at org.apache.maven.surefire.util.ReflectionUtils.invokeMethodWithArray(ReflectionUtils.java:189)
	at org.apache.maven.surefire.booter.ProviderFactory$ProviderProxy.invoke(ProviderFactory.java:165)
	at org.apache.maven.surefire.booter.ProviderFactory.invokeProvider(ProviderFactory.java:85)
	at org.apache.maven.surefire.booter.ForkedBooter.runSuitesInProcess(ForkedBooter.java:115)
	at org.apache.maven.surefire.booter.ForkedBooter.main(ForkedBooter.java:75)

test_localFilePresentButOld(com.ikanow.aleph2.core.shared.utils.TestJarCacheUtils)  Time elapsed: 0.027 sec  <<< ERROR!
java.lang.NullPointerException
	at java.lang.ProcessBuilder.start(ProcessBuilder.java:1012)
	at org.apache.hadoop.util.Shell.runCommand(Shell.java:483)
	at org.apache.hadoop.util.Shell.run(Shell.java:456)
	at org.apache.hadoop.util.Shell$ShellCommandExecutor.execute(Shell.java:722)
	at org.apache.hadoop.util.Shell.execCommand(Shell.java:815)
	at org.apache.hadoop.util.Shell.execCommand(Shell.java:798)
	at org.apache.hadoop.fs.RawLocalFileSystem.setPermission(RawLocalFileSystem.java:728)
	at org.apache.hadoop.fs.RawLocalFileSystem$LocalFSFileOutputStream.<init>(RawLocalFileSystem.java:225)
	at org.apache.hadoop.fs.RawLocalFileSystem$LocalFSFileOutputStream.<init>(RawLocalFileSystem.java:209)
	at org.apache.hadoop.fs.RawLocalFileSystem.createOutputStreamWithMode(RawLocalFileSystem.java:305)
	at org.apache.hadoop.fs.RawLocalFileSystem.create(RawLocalFileSystem.java:294)
	at org.apache.hadoop.fs.RawLocalFileSystem.create(RawLocalFileSystem.java:326)
	at org.apache.hadoop.fs.FileSystem.primitiveCreate(FileSystem.java:1015)
	at org.apache.hadoop.fs.DelegateToFileSystem.createInternal(DelegateToFileSystem.java:84)
	at org.apache.hadoop.fs.ChecksumFs$ChecksumFSOutputSummer.<init>(ChecksumFs.java:352)
	at org.apache.hadoop.fs.ChecksumFs.createInternal(ChecksumFs.java:399)
	at org.apache.hadoop.fs.AbstractFileSystem.create(AbstractFileSystem.java:584)
	at org.apache.hadoop.fs.FileContext$3.next(FileContext.java:686)
	at org.apache.hadoop.fs.FileContext$3.next(FileContext.java:682)
	at org.apache.hadoop.fs.FSLinkResolver.resolve(FSLinkResolver.java:90)
	at org.apache.hadoop.fs.FileContext.create(FileContext.java:688)
	at com.ikanow.aleph2.core.shared.utils.TestJarCacheUtils.setUpDependencies(TestJarCacheUtils.java:70)
	at sun.reflect.NativeMethodAccessorImpl.invoke0(Native Method)
	at sun.reflect.NativeMethodAccessorImpl.invoke(NativeMethodAccessorImpl.java:62)
	at sun.reflect.DelegatingMethodAccessorImpl.invoke(DelegatingMethodAccessorImpl.java:43)
	at java.lang.reflect.Method.invoke(Method.java:497)
	at org.junit.runners.model.FrameworkMethod$1.runReflectiveCall(FrameworkMethod.java:50)
	at org.junit.internal.runners.model.ReflectiveCallable.run(ReflectiveCallable.java:12)
	at org.junit.runners.model.FrameworkMethod.invokeExplosively(FrameworkMethod.java:47)
	at org.junit.internal.runners.statements.RunBefores.evaluate(RunBefores.java:24)
	at org.junit.runners.ParentRunner.runLeaf(ParentRunner.java:325)
	at org.junit.runners.BlockJUnit4ClassRunner.runChild(BlockJUnit4ClassRunner.java:78)
	at org.junit.runners.BlockJUnit4ClassRunner.runChild(BlockJUnit4ClassRunner.java:57)
	at org.junit.runners.ParentRunner$3.run(ParentRunner.java:290)
	at org.junit.runners.ParentRunner$1.schedule(ParentRunner.java:71)
	at org.junit.runners.ParentRunner.runChildren(ParentRunner.java:288)
	at org.junit.runners.ParentRunner.access$000(ParentRunner.java:58)
	at org.junit.runners.ParentRunner$2.evaluate(ParentRunner.java:268)
	at org.junit.runners.ParentRunner.run(ParentRunner.java:363)
	at org.apache.maven.surefire.junit4.JUnit4Provider.execute(JUnit4Provider.java:252)
	at org.apache.maven.surefire.junit4.JUnit4Provider.executeTestSet(JUnit4Provider.java:141)
	at org.apache.maven.surefire.junit4.JUnit4Provider.invoke(JUnit4Provider.java:112)
	at sun.reflect.NativeMethodAccessorImpl.invoke0(Native Method)
	at sun.reflect.NativeMethodAccessorImpl.invoke(NativeMethodAccessorImpl.java:62)
	at sun.reflect.DelegatingMethodAccessorImpl.invoke(DelegatingMethodAccessorImpl.java:43)
	at java.lang.reflect.Method.invoke(Method.java:497)
	at org.apache.maven.surefire.util.ReflectionUtils.invokeMethodWithArray(ReflectionUtils.java:189)
	at org.apache.maven.surefire.booter.ProviderFactory$ProviderProxy.invoke(ProviderFactory.java:165)
	at org.apache.maven.surefire.booter.ProviderFactory.invokeProvider(ProviderFactory.java:85)
	at org.apache.maven.surefire.booter.ForkedBooter.runSuitesInProcess(ForkedBooter.java:115)
	at org.apache.maven.surefire.booter.ForkedBooter.main(ForkedBooter.java:75)

test_setup(com.ikanow.aleph2.core.shared.utils.TestJarCacheUtils)  Time elapsed: 0.025 sec  <<< ERROR!
java.lang.NullPointerException
	at java.lang.ProcessBuilder.start(ProcessBuilder.java:1012)
	at org.apache.hadoop.util.Shell.runCommand(Shell.java:483)
	at org.apache.hadoop.util.Shell.run(Shell.java:456)
	at org.apache.hadoop.util.Shell$ShellCommandExecutor.execute(Shell.java:722)
	at org.apache.hadoop.util.Shell.execCommand(Shell.java:815)
	at org.apache.hadoop.util.Shell.execCommand(Shell.java:798)
	at org.apache.hadoop.fs.RawLocalFileSystem.setPermission(RawLocalFileSystem.java:728)
	at org.apache.hadoop.fs.RawLocalFileSystem$LocalFSFileOutputStream.<init>(RawLocalFileSystem.java:225)
	at org.apache.hadoop.fs.RawLocalFileSystem$LocalFSFileOutputStream.<init>(RawLocalFileSystem.java:209)
	at org.apache.hadoop.fs.RawLocalFileSystem.createOutputStreamWithMode(RawLocalFileSystem.java:305)
	at org.apache.hadoop.fs.RawLocalFileSystem.create(RawLocalFileSystem.java:294)
	at org.apache.hadoop.fs.RawLocalFileSystem.create(RawLocalFileSystem.java:326)
	at org.apache.hadoop.fs.FileSystem.primitiveCreate(FileSystem.java:1015)
	at org.apache.hadoop.fs.DelegateToFileSystem.createInternal(DelegateToFileSystem.java:84)
	at org.apache.hadoop.fs.ChecksumFs$ChecksumFSOutputSummer.<init>(ChecksumFs.java:352)
	at org.apache.hadoop.fs.ChecksumFs.createInternal(ChecksumFs.java:399)
	at org.apache.hadoop.fs.AbstractFileSystem.create(AbstractFileSystem.java:584)
	at org.apache.hadoop.fs.FileContext$3.next(FileContext.java:686)
	at org.apache.hadoop.fs.FileContext$3.next(FileContext.java:682)
	at org.apache.hadoop.fs.FSLinkResolver.resolve(FSLinkResolver.java:90)
	at org.apache.hadoop.fs.FileContext.create(FileContext.java:688)
	at com.ikanow.aleph2.core.shared.utils.TestJarCacheUtils.setUpDependencies(TestJarCacheUtils.java:70)
	at sun.reflect.NativeMethodAccessorImpl.invoke0(Native Method)
	at sun.reflect.NativeMethodAccessorImpl.invoke(NativeMethodAccessorImpl.java:62)
	at sun.reflect.DelegatingMethodAccessorImpl.invoke(DelegatingMethodAccessorImpl.java:43)
	at java.lang.reflect.Method.invoke(Method.java:497)
	at org.junit.runners.model.FrameworkMethod$1.runReflectiveCall(FrameworkMethod.java:50)
	at org.junit.internal.runners.model.ReflectiveCallable.run(ReflectiveCallable.java:12)
	at org.junit.runners.model.FrameworkMethod.invokeExplosively(FrameworkMethod.java:47)
	at org.junit.internal.runners.statements.RunBefores.evaluate(RunBefores.java:24)
	at org.junit.runners.ParentRunner.runLeaf(ParentRunner.java:325)
	at org.junit.runners.BlockJUnit4ClassRunner.runChild(BlockJUnit4ClassRunner.java:78)
	at org.junit.runners.BlockJUnit4ClassRunner.runChild(BlockJUnit4ClassRunner.java:57)
	at org.junit.runners.ParentRunner$3.run(ParentRunner.java:290)
	at org.junit.runners.ParentRunner$1.schedule(ParentRunner.java:71)
	at org.junit.runners.ParentRunner.runChildren(ParentRunner.java:288)
	at org.junit.runners.ParentRunner.access$000(ParentRunner.java:58)
	at org.junit.runners.ParentRunner$2.evaluate(ParentRunner.java:268)
	at org.junit.runners.ParentRunner.run(ParentRunner.java:363)
	at org.apache.maven.surefire.junit4.JUnit4Provider.execute(JUnit4Provider.java:252)
	at org.apache.maven.surefire.junit4.JUnit4Provider.executeTestSet(JUnit4Provider.java:141)
	at org.apache.maven.surefire.junit4.JUnit4Provider.invoke(JUnit4Provider.java:112)
	at sun.reflect.NativeMethodAccessorImpl.invoke0(Native Method)
	at sun.reflect.NativeMethodAccessorImpl.invoke(NativeMethodAccessorImpl.java:62)
	at sun.reflect.DelegatingMethodAccessorImpl.invoke(DelegatingMethodAccessorImpl.java:43)
	at java.lang.reflect.Method.invoke(Method.java:497)
	at org.apache.maven.surefire.util.ReflectionUtils.invokeMethodWithArray(ReflectionUtils.java:189)
	at org.apache.maven.surefire.booter.ProviderFactory$ProviderProxy.invoke(ProviderFactory.java:165)
	at org.apache.maven.surefire.booter.ProviderFactory.invokeProvider(ProviderFactory.java:85)
	at org.apache.maven.surefire.booter.ForkedBooter.runSuitesInProcess(ForkedBooter.java:115)
	at org.apache.maven.surefire.booter.ForkedBooter.main(ForkedBooter.java:75)

