-------------------------------------------------------------------------------
Test set: com.ikanow.aleph2.data_import.services.TestHarvestContext
-------------------------------------------------------------------------------
Tests run: 7, Failures: 0, Errors: 7, Skipped: 0, Time elapsed: 3.058 sec <<< FAILURE!
test_produceConsume(com.ikanow.aleph2.data_import.services.TestHarvestContext)  Time elapsed: 2.766 sec  <<< ERROR!
java.lang.NoClassDefFoundError: com/ikanow/aleph2/distributed_services/data_model/IJsonSerializable
	at java.lang.ClassLoader.defineClass1(Native Method)
	at java.lang.ClassLoader.defineClass(ClassLoader.java:760)
	at java.security.SecureClassLoader.defineClass(SecureClassLoader.java:142)
	at java.net.URLClassLoader.defineClass(URLClassLoader.java:467)
	at java.net.URLClassLoader.access$100(URLClassLoader.java:73)
	at java.net.URLClassLoader$1.run(URLClassLoader.java:368)
	at java.net.URLClassLoader$1.run(URLClassLoader.java:362)
	at java.security.AccessController.doPrivileged(Native Method)
	at java.net.URLClassLoader.findClass(URLClassLoader.java:361)
	at java.lang.ClassLoader.loadClass(ClassLoader.java:424)
	at sun.misc.Launcher$AppClassLoader.loadClass(Launcher.java:331)
	at java.lang.ClassLoader.loadClass(ClassLoader.java:357)
	at java.lang.Class.getDeclaredConstructors0(Native Method)
	at java.lang.Class.privateGetDeclaredConstructors(Class.java:2671)
	at java.lang.Class.getDeclaredConstructors(Class.java:2020)
	at com.google.inject.spi.InjectionPoint.forConstructorOf(InjectionPoint.java:243)
	at com.google.inject.internal.ConstructorBindingImpl.create(ConstructorBindingImpl.java:96)
	at com.google.inject.internal.InjectorImpl.createUninitializedBinding(InjectorImpl.java:629)
	at com.google.inject.internal.UntargettedBindingProcessor$1.visit(UntargettedBindingProcessor.java:51)
	at com.google.inject.internal.UntargettedBindingProcessor$1.visit(UntargettedBindingProcessor.java:35)
	at com.google.inject.internal.UntargettedBindingImpl.acceptTargetVisitor(UntargettedBindingImpl.java:42)
	at com.google.inject.internal.UntargettedBindingProcessor.visit(UntargettedBindingProcessor.java:35)
	at com.google.inject.internal.UntargettedBindingProcessor.visit(UntargettedBindingProcessor.java:27)
	at com.google.inject.internal.BindingImpl.acceptVisitor(BindingImpl.java:93)
	at com.google.inject.internal.AbstractProcessor.process(AbstractProcessor.java:55)
	at com.google.inject.internal.InjectorShell$Builder.build(InjectorShell.java:178)
	at com.google.inject.internal.InternalInjectorCreator.build(InternalInjectorCreator.java:103)
	at com.google.inject.internal.InjectorImpl.createChildInjector(InjectorImpl.java:217)
	at com.ikanow.aleph2.data_model.utils.ModuleUtils.bindServiceEntry(ModuleUtils.java:239)
	at com.ikanow.aleph2.data_model.utils.ModuleUtils.lambda$loadServicesFromConfig$199(ModuleUtils.java:154)
	at com.ikanow.aleph2.data_model.utils.ModuleUtils$$Lambda$8/1970528559.accept(Unknown Source)
	at java.util.ArrayList$ArrayListSpliterator.forEachRemaining(ArrayList.java:1374)
	at java.util.stream.ReferencePipeline$Head.forEach(ReferencePipeline.java:580)
	at com.ikanow.aleph2.data_model.utils.ModuleUtils.loadServicesFromConfig(ModuleUtils.java:148)
	at com.ikanow.aleph2.data_model.utils.ModuleUtils.initialize(ModuleUtils.java:429)
	at com.ikanow.aleph2.data_model.utils.ModuleUtils.createInjector(ModuleUtils.java:449)
	at com.ikanow.aleph2.data_model.utils.ModuleUtils.createTestInjector(ModuleUtils.java:474)
	at com.ikanow.aleph2.data_import.services.TestHarvestContext.injectModules(TestHarvestContext.java:74)
	at sun.reflect.NativeMethodAccessorImpl.invoke0(Native Method)
	at sun.reflect.NativeMethodAccessorImpl.invoke(NativeMethodAccessorImpl.java:62)
	at sun.reflect.DelegatingMethodAccessorImpl.invoke(DelegatingMethodAccessorImpl.java:43)
	at java.lang.reflect.Method.invoke(Method.java:497)
	at org.junit.runners.model.FrameworkMethod$1.runReflectiveCall(FrameworkMethod.java:50)
	at org.junit.internal.runners.model.ReflectiveCallable.run(ReflectiveCallable.java:12)
	at org.junit.runners.model.FrameworkMethod.invokeExplosively(FrameworkMethod.java:47)
	at org.junit.internal.runners.statements.RunBefores.evaluate(RunBefores.java:24)
	at org.junit.runners.ParentRunner.runLeaf(ParentRunner.java:325)
	at org.junit.runners.BlockJUnit4ClassRunner.runChild(BlockJUnit4ClassRunner.java:78)
	at org.junit.runners.BlockJUnit4ClassRunner.runChild(BlockJUnit4ClassRunner.java:57)
	at org.junit.runners.ParentRunner$3.run(ParentRunner.java:290)
	at org.junit.runners.ParentRunner$1.schedule(ParentRunner.java:71)
	at org.junit.runners.ParentRunner.runChildren(ParentRunner.java:288)
	at org.junit.runners.ParentRunner.access$000(ParentRunner.java:58)
	at org.junit.runners.ParentRunner$2.evaluate(ParentRunner.java:268)
	at org.junit.runners.ParentRunner.run(ParentRunner.java:363)
	at org.apache.maven.surefire.junit4.JUnit4Provider.execute(JUnit4Provider.java:252)
	at org.apache.maven.surefire.junit4.JUnit4Provider.executeTestSet(JUnit4Provider.java:141)
	at org.apache.maven.surefire.junit4.JUnit4Provider.invoke(JUnit4Provider.java:112)
	at sun.reflect.NativeMethodAccessorImpl.invoke0(Native Method)
	at sun.reflect.NativeMethodAccessorImpl.invoke(NativeMethodAccessorImpl.java:62)
	at sun.reflect.DelegatingMethodAccessorImpl.invoke(DelegatingMethodAccessorImpl.java:43)
	at java.lang.reflect.Method.invoke(Method.java:497)
	at org.apache.maven.surefire.util.ReflectionUtils.invokeMethodWithArray(ReflectionUtils.java:189)
	at org.apache.maven.surefire.booter.ProviderFactory$ProviderProxy.invoke(ProviderFactory.java:165)
	at org.apache.maven.surefire.booter.ProviderFactory.invokeProvider(ProviderFactory.java:85)
	at org.apache.maven.surefire.booter.ForkedBooter.runSuitesInProcess(ForkedBooter.java:115)
	at org.apache.maven.surefire.booter.ForkedBooter.main(ForkedBooter.java:75)
Caused by: java.lang.ClassNotFoundException: com.ikanow.aleph2.distributed_services.data_model.IJsonSerializable
	at java.net.URLClassLoader.findClass(URLClassLoader.java:381)
	at java.lang.ClassLoader.loadClass(ClassLoader.java:424)
	at sun.misc.Launcher$AppClassLoader.loadClass(Launcher.java:331)
	at java.lang.ClassLoader.loadClass(ClassLoader.java:357)
	... 67 more

test_misc(com.ikanow.aleph2.data_import.services.TestHarvestContext)  Time elapsed: 0.03 sec  <<< ERROR!
java.lang.NoClassDefFoundError: com/ikanow/aleph2/distributed_services/data_model/IJsonSerializable
	at java.lang.ClassLoader.defineClass1(Native Method)
	at java.lang.ClassLoader.defineClass(ClassLoader.java:760)
	at java.security.SecureClassLoader.defineClass(SecureClassLoader.java:142)
	at java.net.URLClassLoader.defineClass(URLClassLoader.java:467)
	at java.net.URLClassLoader.access$100(URLClassLoader.java:73)
	at java.net.URLClassLoader$1.run(URLClassLoader.java:368)
	at java.net.URLClassLoader$1.run(URLClassLoader.java:362)
	at java.security.AccessController.doPrivileged(Native Method)
	at java.net.URLClassLoader.findClass(URLClassLoader.java:361)
	at java.lang.ClassLoader.loadClass(ClassLoader.java:424)
	at sun.misc.Launcher$AppClassLoader.loadClass(Launcher.java:331)
	at java.lang.ClassLoader.loadClass(ClassLoader.java:357)
	at java.lang.Class.getDeclaredConstructors0(Native Method)
	at java.lang.Class.privateGetDeclaredConstructors(Class.java:2671)
	at java.lang.Class.getDeclaredConstructors(Class.java:2020)
	at com.google.inject.spi.InjectionPoint.forConstructorOf(InjectionPoint.java:243)
	at com.google.inject.internal.ConstructorBindingImpl.create(ConstructorBindingImpl.java:96)
	at com.google.inject.internal.InjectorImpl.createUninitializedBinding(InjectorImpl.java:629)
	at com.google.inject.internal.UntargettedBindingProcessor$1.visit(UntargettedBindingProcessor.java:51)
	at com.google.inject.internal.UntargettedBindingProcessor$1.visit(UntargettedBindingProcessor.java:35)
	at com.google.inject.internal.UntargettedBindingImpl.acceptTargetVisitor(UntargettedBindingImpl.java:42)
	at com.google.inject.internal.UntargettedBindingProcessor.visit(UntargettedBindingProcessor.java:35)
	at com.google.inject.internal.UntargettedBindingProcessor.visit(UntargettedBindingProcessor.java:27)
	at com.google.inject.internal.BindingImpl.acceptVisitor(BindingImpl.java:93)
	at com.google.inject.internal.AbstractProcessor.process(AbstractProcessor.java:55)
	at com.google.inject.internal.InjectorShell$Builder.build(InjectorShell.java:178)
	at com.google.inject.internal.InternalInjectorCreator.build(InternalInjectorCreator.java:103)
	at com.google.inject.internal.InjectorImpl.createChildInjector(InjectorImpl.java:217)
	at com.ikanow.aleph2.data_model.utils.ModuleUtils.bindServiceEntry(ModuleUtils.java:239)
	at com.ikanow.aleph2.data_model.utils.ModuleUtils.lambda$loadServicesFromConfig$199(ModuleUtils.java:154)
	at com.ikanow.aleph2.data_model.utils.ModuleUtils$$Lambda$8/1970528559.accept(Unknown Source)
	at java.util.ArrayList$ArrayListSpliterator.forEachRemaining(ArrayList.java:1374)
	at java.util.stream.ReferencePipeline$Head.forEach(ReferencePipeline.java:580)
	at com.ikanow.aleph2.data_model.utils.ModuleUtils.loadServicesFromConfig(ModuleUtils.java:148)
	at com.ikanow.aleph2.data_model.utils.ModuleUtils.initialize(ModuleUtils.java:429)
	at com.ikanow.aleph2.data_model.utils.ModuleUtils.createInjector(ModuleUtils.java:449)
	at com.ikanow.aleph2.data_model.utils.ModuleUtils.createTestInjector(ModuleUtils.java:474)
	at com.ikanow.aleph2.data_import.services.TestHarvestContext.injectModules(TestHarvestContext.java:74)
	at sun.reflect.NativeMethodAccessorImpl.invoke0(Native Method)
	at sun.reflect.NativeMethodAccessorImpl.invoke(NativeMethodAccessorImpl.java:62)
	at sun.reflect.DelegatingMethodAccessorImpl.invoke(DelegatingMethodAccessorImpl.java:43)
	at java.lang.reflect.Method.invoke(Method.java:497)
	at org.junit.runners.model.FrameworkMethod$1.runReflectiveCall(FrameworkMethod.java:50)
	at org.junit.internal.runners.model.ReflectiveCallable.run(ReflectiveCallable.java:12)
	at org.junit.runners.model.FrameworkMethod.invokeExplosively(FrameworkMethod.java:47)
	at org.junit.internal.runners.statements.RunBefores.evaluate(RunBefores.java:24)
	at org.junit.runners.ParentRunner.runLeaf(ParentRunner.java:325)
	at org.junit.runners.BlockJUnit4ClassRunner.runChild(BlockJUnit4ClassRunner.java:78)
	at org.junit.runners.BlockJUnit4ClassRunner.runChild(BlockJUnit4ClassRunner.java:57)
	at org.junit.runners.ParentRunner$3.run(ParentRunner.java:290)
	at org.junit.runners.ParentRunner$1.schedule(ParentRunner.java:71)
	at org.junit.runners.ParentRunner.runChildren(ParentRunner.java:288)
	at org.junit.runners.ParentRunner.access$000(ParentRunner.java:58)
	at org.junit.runners.ParentRunner$2.evaluate(ParentRunner.java:268)
	at org.junit.runners.ParentRunner.run(ParentRunner.java:363)
	at org.apache.maven.surefire.junit4.JUnit4Provider.execute(JUnit4Provider.java:252)
	at org.apache.maven.surefire.junit4.JUnit4Provider.executeTestSet(JUnit4Provider.java:141)
	at org.apache.maven.surefire.junit4.JUnit4Provider.invoke(JUnit4Provider.java:112)
	at sun.reflect.NativeMethodAccessorImpl.invoke0(Native Method)
	at sun.reflect.NativeMethodAccessorImpl.invoke(NativeMethodAccessorImpl.java:62)
	at sun.reflect.DelegatingMethodAccessorImpl.invoke(DelegatingMethodAccessorImpl.java:43)
	at java.lang.reflect.Method.invoke(Method.java:497)
	at org.apache.maven.surefire.util.ReflectionUtils.invokeMethodWithArray(ReflectionUtils.java:189)
	at org.apache.maven.surefire.booter.ProviderFactory$ProviderProxy.invoke(ProviderFactory.java:165)
	at org.apache.maven.surefire.booter.ProviderFactory.invokeProvider(ProviderFactory.java:85)
	at org.apache.maven.surefire.booter.ForkedBooter.runSuitesInProcess(ForkedBooter.java:115)
	at org.apache.maven.surefire.booter.ForkedBooter.main(ForkedBooter.java:75)
Caused by: java.lang.ClassNotFoundException: com.ikanow.aleph2.distributed_services.data_model.IJsonSerializable
	at java.net.URLClassLoader.findClass(URLClassLoader.java:381)
	at java.lang.ClassLoader.loadClass(ClassLoader.java:424)
	at sun.misc.Launcher$AppClassLoader.loadClass(Launcher.java:331)
	at java.lang.ClassLoader.loadClass(ClassLoader.java:357)
	... 67 more

test_basicContextCreation(com.ikanow.aleph2.data_import.services.TestHarvestContext)  Time elapsed: 0.022 sec  <<< ERROR!
java.lang.NoClassDefFoundError: com/ikanow/aleph2/distributed_services/data_model/IJsonSerializable
	at java.lang.ClassLoader.defineClass1(Native Method)
	at java.lang.ClassLoader.defineClass(ClassLoader.java:760)
	at java.security.SecureClassLoader.defineClass(SecureClassLoader.java:142)
	at java.net.URLClassLoader.defineClass(URLClassLoader.java:467)
	at java.net.URLClassLoader.access$100(URLClassLoader.java:73)
	at java.net.URLClassLoader$1.run(URLClassLoader.java:368)
	at java.net.URLClassLoader$1.run(URLClassLoader.java:362)
	at java.security.AccessController.doPrivileged(Native Method)
	at java.net.URLClassLoader.findClass(URLClassLoader.java:361)
	at java.lang.ClassLoader.loadClass(ClassLoader.java:424)
	at sun.misc.Launcher$AppClassLoader.loadClass(Launcher.java:331)
	at java.lang.ClassLoader.loadClass(ClassLoader.java:357)
	at java.lang.Class.getDeclaredConstructors0(Native Method)
	at java.lang.Class.privateGetDeclaredConstructors(Class.java:2671)
	at java.lang.Class.getDeclaredConstructors(Class.java:2020)
	at com.google.inject.spi.InjectionPoint.forConstructorOf(InjectionPoint.java:243)
	at com.google.inject.internal.ConstructorBindingImpl.create(ConstructorBindingImpl.java:96)
	at com.google.inject.internal.InjectorImpl.createUninitializedBinding(InjectorImpl.java:629)
	at com.google.inject.internal.UntargettedBindingProcessor$1.visit(UntargettedBindingProcessor.java:51)
	at com.google.inject.internal.UntargettedBindingProcessor$1.visit(UntargettedBindingProcessor.java:35)
	at com.google.inject.internal.UntargettedBindingImpl.acceptTargetVisitor(UntargettedBindingImpl.java:42)
	at com.google.inject.internal.UntargettedBindingProcessor.visit(UntargettedBindingProcessor.java:35)
	at com.google.inject.internal.UntargettedBindingProcessor.visit(UntargettedBindingProcessor.java:27)
	at com.google.inject.internal.BindingImpl.acceptVisitor(BindingImpl.java:93)
	at com.google.inject.internal.AbstractProcessor.process(AbstractProcessor.java:55)
	at com.google.inject.internal.InjectorShell$Builder.build(InjectorShell.java:178)
	at com.google.inject.internal.InternalInjectorCreator.build(InternalInjectorCreator.java:103)
	at com.google.inject.internal.InjectorImpl.createChildInjector(InjectorImpl.java:217)
	at com.ikanow.aleph2.data_model.utils.ModuleUtils.bindServiceEntry(ModuleUtils.java:239)
	at com.ikanow.aleph2.data_model.utils.ModuleUtils.lambda$loadServicesFromConfig$199(ModuleUtils.java:154)
	at com.ikanow.aleph2.data_model.utils.ModuleUtils$$Lambda$8/1970528559.accept(Unknown Source)
	at java.util.ArrayList$ArrayListSpliterator.forEachRemaining(ArrayList.java:1374)
	at java.util.stream.ReferencePipeline$Head.forEach(ReferencePipeline.java:580)
	at com.ikanow.aleph2.data_model.utils.ModuleUtils.loadServicesFromConfig(ModuleUtils.java:148)
	at com.ikanow.aleph2.data_model.utils.ModuleUtils.initialize(ModuleUtils.java:429)
	at com.ikanow.aleph2.data_model.utils.ModuleUtils.createInjector(ModuleUtils.java:449)
	at com.ikanow.aleph2.data_model.utils.ModuleUtils.createTestInjector(ModuleUtils.java:474)
	at com.ikanow.aleph2.data_import.services.TestHarvestContext.injectModules(TestHarvestContext.java:74)
	at sun.reflect.NativeMethodAccessorImpl.invoke0(Native Method)
	at sun.reflect.NativeMethodAccessorImpl.invoke(NativeMethodAccessorImpl.java:62)
	at sun.reflect.DelegatingMethodAccessorImpl.invoke(DelegatingMethodAccessorImpl.java:43)
	at java.lang.reflect.Method.invoke(Method.java:497)
	at org.junit.runners.model.FrameworkMethod$1.runReflectiveCall(FrameworkMethod.java:50)
	at org.junit.internal.runners.model.ReflectiveCallable.run(ReflectiveCallable.java:12)
	at org.junit.runners.model.FrameworkMethod.invokeExplosively(FrameworkMethod.java:47)
	at org.junit.internal.runners.statements.RunBefores.evaluate(RunBefores.java:24)
	at org.junit.runners.ParentRunner.runLeaf(ParentRunner.java:325)
	at org.junit.runners.BlockJUnit4ClassRunner.runChild(BlockJUnit4ClassRunner.java:78)
	at org.junit.runners.BlockJUnit4ClassRunner.runChild(BlockJUnit4ClassRunner.java:57)
	at org.junit.runners.ParentRunner$3.run(ParentRunner.java:290)
	at org.junit.runners.ParentRunner$1.schedule(ParentRunner.java:71)
	at org.junit.runners.ParentRunner.runChildren(ParentRunner.java:288)
	at org.junit.runners.ParentRunner.access$000(ParentRunner.java:58)
	at org.junit.runners.ParentRunner$2.evaluate(ParentRunner.java:268)
	at org.junit.runners.ParentRunner.run(ParentRunner.java:363)
	at org.apache.maven.surefire.junit4.JUnit4Provider.execute(JUnit4Provider.java:252)
	at org.apache.maven.surefire.junit4.JUnit4Provider.executeTestSet(JUnit4Provider.java:141)
	at org.apache.maven.surefire.junit4.JUnit4Provider.invoke(JUnit4Provider.java:112)
	at sun.reflect.NativeMethodAccessorImpl.invoke0(Native Method)
	at sun.reflect.NativeMethodAccessorImpl.invoke(NativeMethodAccessorImpl.java:62)
	at sun.reflect.DelegatingMethodAccessorImpl.invoke(DelegatingMethodAccessorImpl.java:43)
	at java.lang.reflect.Method.invoke(Method.java:497)
	at org.apache.maven.surefire.util.ReflectionUtils.invokeMethodWithArray(ReflectionUtils.java:189)
	at org.apache.maven.surefire.booter.ProviderFactory$ProviderProxy.invoke(ProviderFactory.java:165)
	at org.apache.maven.surefire.booter.ProviderFactory.invokeProvider(ProviderFactory.java:85)
	at org.apache.maven.surefire.booter.ForkedBooter.runSuitesInProcess(ForkedBooter.java:115)
	at org.apache.maven.surefire.booter.ForkedBooter.main(ForkedBooter.java:75)
Caused by: java.lang.ClassNotFoundException: com.ikanow.aleph2.distributed_services.data_model.IJsonSerializable
	at java.net.URLClassLoader.findClass(URLClassLoader.java:381)
	at java.lang.ClassLoader.loadClass(ClassLoader.java:424)
	at sun.misc.Launcher$AppClassLoader.loadClass(Launcher.java:331)
	at java.lang.ClassLoader.loadClass(ClassLoader.java:357)
	... 67 more

test_objectStateRetrieval(com.ikanow.aleph2.data_import.services.TestHarvestContext)  Time elapsed: 0.025 sec  <<< ERROR!
java.lang.NoClassDefFoundError: com/ikanow/aleph2/distributed_services/data_model/IJsonSerializable
	at java.lang.ClassLoader.defineClass1(Native Method)
	at java.lang.ClassLoader.defineClass(ClassLoader.java:760)
	at java.security.SecureClassLoader.defineClass(SecureClassLoader.java:142)
	at java.net.URLClassLoader.defineClass(URLClassLoader.java:467)
	at java.net.URLClassLoader.access$100(URLClassLoader.java:73)
	at java.net.URLClassLoader$1.run(URLClassLoader.java:368)
	at java.net.URLClassLoader$1.run(URLClassLoader.java:362)
	at java.security.AccessController.doPrivileged(Native Method)
	at java.net.URLClassLoader.findClass(URLClassLoader.java:361)
	at java.lang.ClassLoader.loadClass(ClassLoader.java:424)
	at sun.misc.Launcher$AppClassLoader.loadClass(Launcher.java:331)
	at java.lang.ClassLoader.loadClass(ClassLoader.java:357)
	at java.lang.Class.getDeclaredConstructors0(Native Method)
	at java.lang.Class.privateGetDeclaredConstructors(Class.java:2671)
	at java.lang.Class.getDeclaredConstructors(Class.java:2020)
	at com.google.inject.spi.InjectionPoint.forConstructorOf(InjectionPoint.java:243)
	at com.google.inject.internal.ConstructorBindingImpl.create(ConstructorBindingImpl.java:96)
	at com.google.inject.internal.InjectorImpl.createUninitializedBinding(InjectorImpl.java:629)
	at com.google.inject.internal.UntargettedBindingProcessor$1.visit(UntargettedBindingProcessor.java:51)
	at com.google.inject.internal.UntargettedBindingProcessor$1.visit(UntargettedBindingProcessor.java:35)
	at com.google.inject.internal.UntargettedBindingImpl.acceptTargetVisitor(UntargettedBindingImpl.java:42)
	at com.google.inject.internal.UntargettedBindingProcessor.visit(UntargettedBindingProcessor.java:35)
	at com.google.inject.internal.UntargettedBindingProcessor.visit(UntargettedBindingProcessor.java:27)
	at com.google.inject.internal.BindingImpl.acceptVisitor(BindingImpl.java:93)
	at com.google.inject.internal.AbstractProcessor.process(AbstractProcessor.java:55)
	at com.google.inject.internal.InjectorShell$Builder.build(InjectorShell.java:178)
	at com.google.inject.internal.InternalInjectorCreator.build(InternalInjectorCreator.java:103)
	at com.google.inject.internal.InjectorImpl.createChildInjector(InjectorImpl.java:217)
	at com.ikanow.aleph2.data_model.utils.ModuleUtils.bindServiceEntry(ModuleUtils.java:239)
	at com.ikanow.aleph2.data_model.utils.ModuleUtils.lambda$loadServicesFromConfig$199(ModuleUtils.java:154)
	at com.ikanow.aleph2.data_model.utils.ModuleUtils$$Lambda$8/1970528559.accept(Unknown Source)
	at java.util.ArrayList$ArrayListSpliterator.forEachRemaining(ArrayList.java:1374)
	at java.util.stream.ReferencePipeline$Head.forEach(ReferencePipeline.java:580)
	at com.ikanow.aleph2.data_model.utils.ModuleUtils.loadServicesFromConfig(ModuleUtils.java:148)
	at com.ikanow.aleph2.data_model.utils.ModuleUtils.initialize(ModuleUtils.java:429)
	at com.ikanow.aleph2.data_model.utils.ModuleUtils.createInjector(ModuleUtils.java:449)
	at com.ikanow.aleph2.data_model.utils.ModuleUtils.createTestInjector(ModuleUtils.java:474)
	at com.ikanow.aleph2.data_import.services.TestHarvestContext.injectModules(TestHarvestContext.java:74)
	at sun.reflect.NativeMethodAccessorImpl.invoke0(Native Method)
	at sun.reflect.NativeMethodAccessorImpl.invoke(NativeMethodAccessorImpl.java:62)
	at sun.reflect.DelegatingMethodAccessorImpl.invoke(DelegatingMethodAccessorImpl.java:43)
	at java.lang.reflect.Method.invoke(Method.java:497)
	at org.junit.runners.model.FrameworkMethod$1.runReflectiveCall(FrameworkMethod.java:50)
	at org.junit.internal.runners.model.ReflectiveCallable.run(ReflectiveCallable.java:12)
	at org.junit.runners.model.FrameworkMethod.invokeExplosively(FrameworkMethod.java:47)
	at org.junit.internal.runners.statements.RunBefores.evaluate(RunBefores.java:24)
	at org.junit.runners.ParentRunner.runLeaf(ParentRunner.java:325)
	at org.junit.runners.BlockJUnit4ClassRunner.runChild(BlockJUnit4ClassRunner.java:78)
	at org.junit.runners.BlockJUnit4ClassRunner.runChild(BlockJUnit4ClassRunner.java:57)
	at org.junit.runners.ParentRunner$3.run(ParentRunner.java:290)
	at org.junit.runners.ParentRunner$1.schedule(ParentRunner.java:71)
	at org.junit.runners.ParentRunner.runChildren(ParentRunner.java:288)
	at org.junit.runners.ParentRunner.access$000(ParentRunner.java:58)
	at org.junit.runners.ParentRunner$2.evaluate(ParentRunner.java:268)
	at org.junit.runners.ParentRunner.run(ParentRunner.java:363)
	at org.apache.maven.surefire.junit4.JUnit4Provider.execute(JUnit4Provider.java:252)
	at org.apache.maven.surefire.junit4.JUnit4Provider.executeTestSet(JUnit4Provider.java:141)
	at org.apache.maven.surefire.junit4.JUnit4Provider.invoke(JUnit4Provider.java:112)
	at sun.reflect.NativeMethodAccessorImpl.invoke0(Native Method)
	at sun.reflect.NativeMethodAccessorImpl.invoke(NativeMethodAccessorImpl.java:62)
	at sun.reflect.DelegatingMethodAccessorImpl.invoke(DelegatingMethodAccessorImpl.java:43)
	at java.lang.reflect.Method.invoke(Method.java:497)
	at org.apache.maven.surefire.util.ReflectionUtils.invokeMethodWithArray(ReflectionUtils.java:189)
	at org.apache.maven.surefire.booter.ProviderFactory$ProviderProxy.invoke(ProviderFactory.java:165)
	at org.apache.maven.surefire.booter.ProviderFactory.invokeProvider(ProviderFactory.java:85)
	at org.apache.maven.surefire.booter.ForkedBooter.runSuitesInProcess(ForkedBooter.java:115)
	at org.apache.maven.surefire.booter.ForkedBooter.main(ForkedBooter.java:75)
Caused by: java.lang.ClassNotFoundException: com.ikanow.aleph2.distributed_services.data_model.IJsonSerializable
	at java.net.URLClassLoader.findClass(URLClassLoader.java:381)
	at java.lang.ClassLoader.loadClass(ClassLoader.java:424)
	at sun.misc.Launcher$AppClassLoader.loadClass(Launcher.java:331)
	at java.lang.ClassLoader.loadClass(ClassLoader.java:357)
	... 67 more

test_getUnderlyingArtefacts(com.ikanow.aleph2.data_import.services.TestHarvestContext)  Time elapsed: 0.02 sec  <<< ERROR!
java.lang.NoClassDefFoundError: com/ikanow/aleph2/distributed_services/data_model/IJsonSerializable
	at java.lang.ClassLoader.defineClass1(Native Method)
	at java.lang.ClassLoader.defineClass(ClassLoader.java:760)
	at java.security.SecureClassLoader.defineClass(SecureClassLoader.java:142)
	at java.net.URLClassLoader.defineClass(URLClassLoader.java:467)
	at java.net.URLClassLoader.access$100(URLClassLoader.java:73)
	at java.net.URLClassLoader$1.run(URLClassLoader.java:368)
	at java.net.URLClassLoader$1.run(URLClassLoader.java:362)
	at java.security.AccessController.doPrivileged(Native Method)
	at java.net.URLClassLoader.findClass(URLClassLoader.java:361)
	at java.lang.ClassLoader.loadClass(ClassLoader.java:424)
	at sun.misc.Launcher$AppClassLoader.loadClass(Launcher.java:331)
	at java.lang.ClassLoader.loadClass(ClassLoader.java:357)
	at java.lang.Class.getDeclaredConstructors0(Native Method)
	at java.lang.Class.privateGetDeclaredConstructors(Class.java:2671)
	at java.lang.Class.getDeclaredConstructors(Class.java:2020)
	at com.google.inject.spi.InjectionPoint.forConstructorOf(InjectionPoint.java:243)
	at com.google.inject.internal.ConstructorBindingImpl.create(ConstructorBindingImpl.java:96)
	at com.google.inject.internal.InjectorImpl.createUninitializedBinding(InjectorImpl.java:629)
	at com.google.inject.internal.UntargettedBindingProcessor$1.visit(UntargettedBindingProcessor.java:51)
	at com.google.inject.internal.UntargettedBindingProcessor$1.visit(UntargettedBindingProcessor.java:35)
	at com.google.inject.internal.UntargettedBindingImpl.acceptTargetVisitor(UntargettedBindingImpl.java:42)
	at com.google.inject.internal.UntargettedBindingProcessor.visit(UntargettedBindingProcessor.java:35)
	at com.google.inject.internal.UntargettedBindingProcessor.visit(UntargettedBindingProcessor.java:27)
	at com.google.inject.internal.BindingImpl.acceptVisitor(BindingImpl.java:93)
	at com.google.inject.internal.AbstractProcessor.process(AbstractProcessor.java:55)
	at com.google.inject.internal.InjectorShell$Builder.build(InjectorShell.java:178)
	at com.google.inject.internal.InternalInjectorCreator.build(InternalInjectorCreator.java:103)
	at com.google.inject.internal.InjectorImpl.createChildInjector(InjectorImpl.java:217)
	at com.ikanow.aleph2.data_model.utils.ModuleUtils.bindServiceEntry(ModuleUtils.java:239)
	at com.ikanow.aleph2.data_model.utils.ModuleUtils.lambda$loadServicesFromConfig$199(ModuleUtils.java:154)
	at com.ikanow.aleph2.data_model.utils.ModuleUtils$$Lambda$8/1970528559.accept(Unknown Source)
	at java.util.ArrayList$ArrayListSpliterator.forEachRemaining(ArrayList.java:1374)
	at java.util.stream.ReferencePipeline$Head.forEach(ReferencePipeline.java:580)
	at com.ikanow.aleph2.data_model.utils.ModuleUtils.loadServicesFromConfig(ModuleUtils.java:148)
	at com.ikanow.aleph2.data_model.utils.ModuleUtils.initialize(ModuleUtils.java:429)
	at com.ikanow.aleph2.data_model.utils.ModuleUtils.createInjector(ModuleUtils.java:449)
	at com.ikanow.aleph2.data_model.utils.ModuleUtils.createTestInjector(ModuleUtils.java:474)
	at com.ikanow.aleph2.data_import.services.TestHarvestContext.injectModules(TestHarvestContext.java:74)
	at sun.reflect.NativeMethodAccessorImpl.invoke0(Native Method)
	at sun.reflect.NativeMethodAccessorImpl.invoke(NativeMethodAccessorImpl.java:62)
	at sun.reflect.DelegatingMethodAccessorImpl.invoke(DelegatingMethodAccessorImpl.java:43)
	at java.lang.reflect.Method.invoke(Method.java:497)
	at org.junit.runners.model.FrameworkMethod$1.runReflectiveCall(FrameworkMethod.java:50)
	at org.junit.internal.runners.model.ReflectiveCallable.run(ReflectiveCallable.java:12)
	at org.junit.runners.model.FrameworkMethod.invokeExplosively(FrameworkMethod.java:47)
	at org.junit.internal.runners.statements.RunBefores.evaluate(RunBefores.java:24)
	at org.junit.runners.ParentRunner.runLeaf(ParentRunner.java:325)
	at org.junit.runners.BlockJUnit4ClassRunner.runChild(BlockJUnit4ClassRunner.java:78)
	at org.junit.runners.BlockJUnit4ClassRunner.runChild(BlockJUnit4ClassRunner.java:57)
	at org.junit.runners.ParentRunner$3.run(ParentRunner.java:290)
	at org.junit.runners.ParentRunner$1.schedule(ParentRunner.java:71)
	at org.junit.runners.ParentRunner.runChildren(ParentRunner.java:288)
	at org.junit.runners.ParentRunner.access$000(ParentRunner.java:58)
	at org.junit.runners.ParentRunner$2.evaluate(ParentRunner.java:268)
	at org.junit.runners.ParentRunner.run(ParentRunner.java:363)
	at org.apache.maven.surefire.junit4.JUnit4Provider.execute(JUnit4Provider.java:252)
	at org.apache.maven.surefire.junit4.JUnit4Provider.executeTestSet(JUnit4Provider.java:141)
	at org.apache.maven.surefire.junit4.JUnit4Provider.invoke(JUnit4Provider.java:112)
	at sun.reflect.NativeMethodAccessorImpl.invoke0(Native Method)
	at sun.reflect.NativeMethodAccessorImpl.invoke(NativeMethodAccessorImpl.java:62)
	at sun.reflect.DelegatingMethodAccessorImpl.invoke(DelegatingMethodAccessorImpl.java:43)
	at java.lang.reflect.Method.invoke(Method.java:497)
	at org.apache.maven.surefire.util.ReflectionUtils.invokeMethodWithArray(ReflectionUtils.java:189)
	at org.apache.maven.surefire.booter.ProviderFactory$ProviderProxy.invoke(ProviderFactory.java:165)
	at org.apache.maven.surefire.booter.ProviderFactory.invokeProvider(ProviderFactory.java:85)
	at org.apache.maven.surefire.booter.ForkedBooter.runSuitesInProcess(ForkedBooter.java:115)
	at org.apache.maven.surefire.booter.ForkedBooter.main(ForkedBooter.java:75)
Caused by: java.lang.ClassNotFoundException: com.ikanow.aleph2.distributed_services.data_model.IJsonSerializable
	at java.net.URLClassLoader.findClass(URLClassLoader.java:381)
	at java.lang.ClassLoader.loadClass(ClassLoader.java:424)
	at sun.misc.Launcher$AppClassLoader.loadClass(Launcher.java:331)
	at java.lang.ClassLoader.loadClass(ClassLoader.java:357)
	... 67 more

test_fileLocations(com.ikanow.aleph2.data_import.services.TestHarvestContext)  Time elapsed: 0.031 sec  <<< ERROR!
java.lang.NoClassDefFoundError: com/ikanow/aleph2/distributed_services/data_model/IJsonSerializable
	at java.lang.ClassLoader.defineClass1(Native Method)
	at java.lang.ClassLoader.defineClass(ClassLoader.java:760)
	at java.security.SecureClassLoader.defineClass(SecureClassLoader.java:142)
	at java.net.URLClassLoader.defineClass(URLClassLoader.java:467)
	at java.net.URLClassLoader.access$100(URLClassLoader.java:73)
	at java.net.URLClassLoader$1.run(URLClassLoader.java:368)
	at java.net.URLClassLoader$1.run(URLClassLoader.java:362)
	at java.security.AccessController.doPrivileged(Native Method)
	at java.net.URLClassLoader.findClass(URLClassLoader.java:361)
	at java.lang.ClassLoader.loadClass(ClassLoader.java:424)
	at sun.misc.Launcher$AppClassLoader.loadClass(Launcher.java:331)
	at java.lang.ClassLoader.loadClass(ClassLoader.java:357)
	at java.lang.Class.getDeclaredConstructors0(Native Method)
	at java.lang.Class.privateGetDeclaredConstructors(Class.java:2671)
	at java.lang.Class.getDeclaredConstructors(Class.java:2020)
	at com.google.inject.spi.InjectionPoint.forConstructorOf(InjectionPoint.java:243)
	at com.google.inject.internal.ConstructorBindingImpl.create(ConstructorBindingImpl.java:96)
	at com.google.inject.internal.InjectorImpl.createUninitializedBinding(InjectorImpl.java:629)
	at com.google.inject.internal.UntargettedBindingProcessor$1.visit(UntargettedBindingProcessor.java:51)
	at com.google.inject.internal.UntargettedBindingProcessor$1.visit(UntargettedBindingProcessor.java:35)
	at com.google.inject.internal.UntargettedBindingImpl.acceptTargetVisitor(UntargettedBindingImpl.java:42)
	at com.google.inject.internal.UntargettedBindingProcessor.visit(UntargettedBindingProcessor.java:35)
	at com.google.inject.internal.UntargettedBindingProcessor.visit(UntargettedBindingProcessor.java:27)
	at com.google.inject.internal.BindingImpl.acceptVisitor(BindingImpl.java:93)
	at com.google.inject.internal.AbstractProcessor.process(AbstractProcessor.java:55)
	at com.google.inject.internal.InjectorShell$Builder.build(InjectorShell.java:178)
	at com.google.inject.internal.InternalInjectorCreator.build(InternalInjectorCreator.java:103)
	at com.google.inject.internal.InjectorImpl.createChildInjector(InjectorImpl.java:217)
	at com.ikanow.aleph2.data_model.utils.ModuleUtils.bindServiceEntry(ModuleUtils.java:239)
	at com.ikanow.aleph2.data_model.utils.ModuleUtils.lambda$loadServicesFromConfig$199(ModuleUtils.java:154)
	at com.ikanow.aleph2.data_model.utils.ModuleUtils$$Lambda$8/1970528559.accept(Unknown Source)
	at java.util.ArrayList$ArrayListSpliterator.forEachRemaining(ArrayList.java:1374)
	at java.util.stream.ReferencePipeline$Head.forEach(ReferencePipeline.java:580)
	at com.ikanow.aleph2.data_model.utils.ModuleUtils.loadServicesFromConfig(ModuleUtils.java:148)
	at com.ikanow.aleph2.data_model.utils.ModuleUtils.initialize(ModuleUtils.java:429)
	at com.ikanow.aleph2.data_model.utils.ModuleUtils.createInjector(ModuleUtils.java:449)
	at com.ikanow.aleph2.data_model.utils.ModuleUtils.createTestInjector(ModuleUtils.java:474)
	at com.ikanow.aleph2.data_import.services.TestHarvestContext.injectModules(TestHarvestContext.java:74)
	at sun.reflect.NativeMethodAccessorImpl.invoke0(Native Method)
	at sun.reflect.NativeMethodAccessorImpl.invoke(NativeMethodAccessorImpl.java:62)
	at sun.reflect.DelegatingMethodAccessorImpl.invoke(DelegatingMethodAccessorImpl.java:43)
	at java.lang.reflect.Method.invoke(Method.java:497)
	at org.junit.runners.model.FrameworkMethod$1.runReflectiveCall(FrameworkMethod.java:50)
	at org.junit.internal.runners.model.ReflectiveCallable.run(ReflectiveCallable.java:12)
	at org.junit.runners.model.FrameworkMethod.invokeExplosively(FrameworkMethod.java:47)
	at org.junit.internal.runners.statements.RunBefores.evaluate(RunBefores.java:24)
	at org.junit.runners.ParentRunner.runLeaf(ParentRunner.java:325)
	at org.junit.runners.BlockJUnit4ClassRunner.runChild(BlockJUnit4ClassRunner.java:78)
	at org.junit.runners.BlockJUnit4ClassRunner.runChild(BlockJUnit4ClassRunner.java:57)
	at org.junit.runners.ParentRunner$3.run(ParentRunner.java:290)
	at org.junit.runners.ParentRunner$1.schedule(ParentRunner.java:71)
	at org.junit.runners.ParentRunner.runChildren(ParentRunner.java:288)
	at org.junit.runners.ParentRunner.access$000(ParentRunner.java:58)
	at org.junit.runners.ParentRunner$2.evaluate(ParentRunner.java:268)
	at org.junit.runners.ParentRunner.run(ParentRunner.java:363)
	at org.apache.maven.surefire.junit4.JUnit4Provider.execute(JUnit4Provider.java:252)
	at org.apache.maven.surefire.junit4.JUnit4Provider.executeTestSet(JUnit4Provider.java:141)
	at org.apache.maven.surefire.junit4.JUnit4Provider.invoke(JUnit4Provider.java:112)
	at sun.reflect.NativeMethodAccessorImpl.invoke0(Native Method)
	at sun.reflect.NativeMethodAccessorImpl.invoke(NativeMethodAccessorImpl.java:62)
	at sun.reflect.DelegatingMethodAccessorImpl.invoke(DelegatingMethodAccessorImpl.java:43)
	at java.lang.reflect.Method.invoke(Method.java:497)
	at org.apache.maven.surefire.util.ReflectionUtils.invokeMethodWithArray(ReflectionUtils.java:189)
	at org.apache.maven.surefire.booter.ProviderFactory$ProviderProxy.invoke(ProviderFactory.java:165)
	at org.apache.maven.surefire.booter.ProviderFactory.invokeProvider(ProviderFactory.java:85)
	at org.apache.maven.surefire.booter.ForkedBooter.runSuitesInProcess(ForkedBooter.java:115)
	at org.apache.maven.surefire.booter.ForkedBooter.main(ForkedBooter.java:75)
Caused by: java.lang.ClassNotFoundException: com.ikanow.aleph2.distributed_services.data_model.IJsonSerializable
	at java.net.URLClassLoader.findClass(URLClassLoader.java:381)
	at java.lang.ClassLoader.loadClass(ClassLoader.java:424)
	at sun.misc.Launcher$AppClassLoader.loadClass(Launcher.java:331)
	at java.lang.ClassLoader.loadClass(ClassLoader.java:357)
	... 67 more

test_externalContextCreation(com.ikanow.aleph2.data_import.services.TestHarvestContext)  Time elapsed: 0.024 sec  <<< ERROR!
java.lang.NoClassDefFoundError: com/ikanow/aleph2/distributed_services/data_model/IJsonSerializable
	at java.lang.ClassLoader.defineClass1(Native Method)
	at java.lang.ClassLoader.defineClass(ClassLoader.java:760)
	at java.security.SecureClassLoader.defineClass(SecureClassLoader.java:142)
	at java.net.URLClassLoader.defineClass(URLClassLoader.java:467)
	at java.net.URLClassLoader.access$100(URLClassLoader.java:73)
	at java.net.URLClassLoader$1.run(URLClassLoader.java:368)
	at java.net.URLClassLoader$1.run(URLClassLoader.java:362)
	at java.security.AccessController.doPrivileged(Native Method)
	at java.net.URLClassLoader.findClass(URLClassLoader.java:361)
	at java.lang.ClassLoader.loadClass(ClassLoader.java:424)
	at sun.misc.Launcher$AppClassLoader.loadClass(Launcher.java:331)
	at java.lang.ClassLoader.loadClass(ClassLoader.java:357)
	at java.lang.Class.getDeclaredConstructors0(Native Method)
	at java.lang.Class.privateGetDeclaredConstructors(Class.java:2671)
	at java.lang.Class.getDeclaredConstructors(Class.java:2020)
	at com.google.inject.spi.InjectionPoint.forConstructorOf(InjectionPoint.java:243)
	at com.google.inject.internal.ConstructorBindingImpl.create(ConstructorBindingImpl.java:96)
	at com.google.inject.internal.InjectorImpl.createUninitializedBinding(InjectorImpl.java:629)
	at com.google.inject.internal.UntargettedBindingProcessor$1.visit(UntargettedBindingProcessor.java:51)
	at com.google.inject.internal.UntargettedBindingProcessor$1.visit(UntargettedBindingProcessor.java:35)
	at com.google.inject.internal.UntargettedBindingImpl.acceptTargetVisitor(UntargettedBindingImpl.java:42)
	at com.google.inject.internal.UntargettedBindingProcessor.visit(UntargettedBindingProcessor.java:35)
	at com.google.inject.internal.UntargettedBindingProcessor.visit(UntargettedBindingProcessor.java:27)
	at com.google.inject.internal.BindingImpl.acceptVisitor(BindingImpl.java:93)
	at com.google.inject.internal.AbstractProcessor.process(AbstractProcessor.java:55)
	at com.google.inject.internal.InjectorShell$Builder.build(InjectorShell.java:178)
	at com.google.inject.internal.InternalInjectorCreator.build(InternalInjectorCreator.java:103)
	at com.google.inject.internal.InjectorImpl.createChildInjector(InjectorImpl.java:217)
	at com.ikanow.aleph2.data_model.utils.ModuleUtils.bindServiceEntry(ModuleUtils.java:239)
	at com.ikanow.aleph2.data_model.utils.ModuleUtils.lambda$loadServicesFromConfig$199(ModuleUtils.java:154)
	at com.ikanow.aleph2.data_model.utils.ModuleUtils$$Lambda$8/1970528559.accept(Unknown Source)
	at java.util.ArrayList$ArrayListSpliterator.forEachRemaining(ArrayList.java:1374)
	at java.util.stream.ReferencePipeline$Head.forEach(ReferencePipeline.java:580)
	at com.ikanow.aleph2.data_model.utils.ModuleUtils.loadServicesFromConfig(ModuleUtils.java:148)
	at com.ikanow.aleph2.data_model.utils.ModuleUtils.initialize(ModuleUtils.java:429)
	at com.ikanow.aleph2.data_model.utils.ModuleUtils.createInjector(ModuleUtils.java:449)
	at com.ikanow.aleph2.data_model.utils.ModuleUtils.createTestInjector(ModuleUtils.java:474)
	at com.ikanow.aleph2.data_import.services.TestHarvestContext.injectModules(TestHarvestContext.java:74)
	at sun.reflect.NativeMethodAccessorImpl.invoke0(Native Method)
	at sun.reflect.NativeMethodAccessorImpl.invoke(NativeMethodAccessorImpl.java:62)
	at sun.reflect.DelegatingMethodAccessorImpl.invoke(DelegatingMethodAccessorImpl.java:43)
	at java.lang.reflect.Method.invoke(Method.java:497)
	at org.junit.runners.model.FrameworkMethod$1.runReflectiveCall(FrameworkMethod.java:50)
	at org.junit.internal.runners.model.ReflectiveCallable.run(ReflectiveCallable.java:12)
	at org.junit.runners.model.FrameworkMethod.invokeExplosively(FrameworkMethod.java:47)
	at org.junit.internal.runners.statements.RunBefores.evaluate(RunBefores.java:24)
	at org.junit.runners.ParentRunner.runLeaf(ParentRunner.java:325)
	at org.junit.runners.BlockJUnit4ClassRunner.runChild(BlockJUnit4ClassRunner.java:78)
	at org.junit.runners.BlockJUnit4ClassRunner.runChild(BlockJUnit4ClassRunner.java:57)
	at org.junit.runners.ParentRunner$3.run(ParentRunner.java:290)
	at org.junit.runners.ParentRunner$1.schedule(ParentRunner.java:71)
	at org.junit.runners.ParentRunner.runChildren(ParentRunner.java:288)
	at org.junit.runners.ParentRunner.access$000(ParentRunner.java:58)
	at org.junit.runners.ParentRunner$2.evaluate(ParentRunner.java:268)
	at org.junit.runners.ParentRunner.run(ParentRunner.java:363)
	at org.apache.maven.surefire.junit4.JUnit4Provider.execute(JUnit4Provider.java:252)
	at org.apache.maven.surefire.junit4.JUnit4Provider.executeTestSet(JUnit4Provider.java:141)
	at org.apache.maven.surefire.junit4.JUnit4Provider.invoke(JUnit4Provider.java:112)
	at sun.reflect.NativeMethodAccessorImpl.invoke0(Native Method)
	at sun.reflect.NativeMethodAccessorImpl.invoke(NativeMethodAccessorImpl.java:62)
	at sun.reflect.DelegatingMethodAccessorImpl.invoke(DelegatingMethodAccessorImpl.java:43)
	at java.lang.reflect.Method.invoke(Method.java:497)
	at org.apache.maven.surefire.util.ReflectionUtils.invokeMethodWithArray(ReflectionUtils.java:189)
	at org.apache.maven.surefire.booter.ProviderFactory$ProviderProxy.invoke(ProviderFactory.java:165)
	at org.apache.maven.surefire.booter.ProviderFactory.invokeProvider(ProviderFactory.java:85)
	at org.apache.maven.surefire.booter.ForkedBooter.runSuitesInProcess(ForkedBooter.java:115)
	at org.apache.maven.surefire.booter.ForkedBooter.main(ForkedBooter.java:75)
Caused by: java.lang.ClassNotFoundException: com.ikanow.aleph2.distributed_services.data_model.IJsonSerializable
	at java.net.URLClassLoader.findClass(URLClassLoader.java:381)
	at java.lang.ClassLoader.loadClass(ClassLoader.java:424)
	at sun.misc.Launcher$AppClassLoader.loadClass(Launcher.java:331)
	at java.lang.ClassLoader.loadClass(ClassLoader.java:357)
	... 67 more

